<?xml version="1.0" encoding="UTF-8"?>
<!-- Generated by org.testng.reporters.JUnitXMLReporter -->
<testsuite ignored="0" hostname="LAPTOP-431H6V1P" failures="0" tests="10" name="Tutorial Test cases" time="62.475" errors="0" timestamp="2023-09-10T16:55:23 CDT">
  <testcase classname="com.tutorialninja.qa.testcases.Register" name="VerifyRegisterMandatory" time="2.34"/>
  <testcase classname="com.tutorialninja.qa.testcases.Register" name="VerifynonMandatoryfield" time="1.973"/>
  <testcase classname="com.tutorialninja.qa.testcases.Register" name="Verifysameemail" time="1.568"/>
  <testcase classname="com.tutorialninja.qa.testcases.Register" name="Verifywarning" time="1.079"/>
  <testcase classname="com.tutorialninja.qa.testcases.Login" name="verifyLoginwithValidEmailandInvalidPassword" time="0.731"/>
  <testcase classname="com.tutorialninja.qa.testcases.Login" name="verifyloginwithinvalidcredential" time="0.802"/>
  <testcase classname="com.tutorialninja.qa.testcases.Login" name="verifylogincredencial" time="0.854"/>
  <testcase classname="com.tutorialninja.qa.testcases.Search" name="VerifysearchValidProduct" time="0.692"/>
  <testcase classname="com.tutorialninja.qa.testcases.Search" name="VerifyInvalidProduct" time="0.466"/>
  <testcase classname="com.tutorialninja.qa.testcases.Search" name="VeriysearchNpProduct" time="0.627"/>
</testsuite> <!-- Tutorial Test cases -->
