<?xml version="1.0" encoding="UTF-8"?>
<!-- Generated by org.testng.reporters.JUnitXMLReporter -->
<testsuite ignored="2" hostname="LAPTOP-431H6V1P" failures="0" tests="1" name="Default test" time="8.823" errors="0" timestamp="2023-09-10T17:40:25 CDT">
  <testcase classname="com.tutorialninja.qa.testcases.Login" name="verifyloginwithinvalidcredential" time="0.631"/>
  <testcase classname="com.tutorialninja.qa.testcases.Login" name="verifyLoginwithValidEmailandInvalidPassword" time="0.0">
    <ignored/>
  </testcase> <!-- verifyLoginwithValidEmailandInvalidPassword -->
  <testcase classname="com.tutorialninja.qa.testcases.Login" name="verifylogincredencial" time="0.0">
    <ignored/>
  </testcase> <!-- verifylogincredencial -->
</testsuite> <!-- Default test -->
