<?xml version="1.0" encoding="UTF-8"?>
<testng-results ignored="2" total="3" passed="1" failed="0" skipped="0">
  <reporter-output>
  </reporter-output>
  <suite started-at="2023-09-10T17:40:16 CDT" name="Default suite" finished-at="2023-09-10T17:40:25 CDT" duration-ms="8823">
    <groups>
    </groups>
    <test started-at="2023-09-10T17:40:16 CDT" name="Default test" finished-at="2023-09-10T17:40:25 CDT" duration-ms="8823">
      <class name="com.tutorialninja.qa.testcases.Login">
        <test-method is-config="true" signature="setup()[pri:0, instance:com.tutorialninja.qa.testcases.Login@18d87d80]" started-at="2023-09-10T17:40:16 CDT" name="setup" finished-at="2023-09-10T17:40:24 CDT" duration-ms="7944" status="PASS">
          <reporter-output>
          </reporter-output>
        </test-method> <!-- setup -->
        <test-method signature="verifyloginwithinvalidcredential()[pri:2, instance:com.tutorialninja.qa.testcases.Login@18d87d80]" started-at="2023-09-10T17:40:24 CDT" name="verifyloginwithinvalidcredential" finished-at="2023-09-10T17:40:25 CDT" duration-ms="631" status="PASS">
          <reporter-output>
          </reporter-output>
        </test-method> <!-- verifyloginwithinvalidcredential -->
        <test-method is-config="true" signature="teardown()[pri:0, instance:com.tutorialninja.qa.testcases.Login@18d87d80]" started-at="2023-09-10T17:40:25 CDT" name="teardown" finished-at="2023-09-10T17:40:25 CDT" duration-ms="218" status="PASS">
          <reporter-output>
          </reporter-output>
        </test-method> <!-- teardown -->
      </class> <!-- com.tutorialninja.qa.testcases.Login -->
    </test> <!-- Default test -->
  </suite> <!-- Default suite -->
</testng-results>
